<?xml version="1.0" encoding="UTF-8"?>
<testng-results skipped="0" failed="0" ignored="0" total="2" passed="2">
  <reporter-output>
  </reporter-output>
  <suite name="Suite" duration-ms="7591" started-at="2019-02-14T06:28:41Z" finished-at="2019-02-14T06:28:49Z">
    <groups>
    </groups>
    <test name="Test" duration-ms="7591" started-at="2019-02-14T06:28:41Z" finished-at="2019-02-14T06:28:49Z">
      <class name="com.facebook.Testcase.LoginPageTest">
        <test-method status="PASS" signature="setup()[pri:0, instance:com.facebook.Testcase.LoginPageTest@3b81a1bc]" name="setup" is-config="true" duration-ms="52738" started-at="2019-02-14T06:27:49Z" finished-at="2019-02-14T06:28:41Z">
          <reporter-output>
          </reporter-output>
        </test-method> <!-- setup -->
        <test-method status="PASS" signature="verifyLoginTest()[pri:0, instance:com.facebook.Testcase.LoginPageTest@3b81a1bc]" name="verifyLoginTest" duration-ms="6791" started-at="2019-02-14T06:28:41Z" finished-at="2019-02-14T06:28:48Z">
          <reporter-output>
          </reporter-output>
        </test-method> <!-- verifyLoginTest -->
        <test-method status="PASS" signature="verifyTitle()[pri:0, instance:com.facebook.Testcase.LoginPageTest@3b81a1bc]" name="verifyTitle" duration-ms="776" started-at="2019-02-14T06:28:48Z" finished-at="2019-02-14T06:28:49Z">
          <reporter-output>
          </reporter-output>
        </test-method> <!-- verifyTitle -->
        <test-method status="PASS" signature="close()[pri:0, instance:com.facebook.Testcase.LoginPageTest@3b81a1bc]" name="close" is-config="true" duration-ms="674" started-at="2019-02-14T06:28:49Z" finished-at="2019-02-14T06:28:50Z">
          <reporter-output>
          </reporter-output>
        </test-method> <!-- close -->
      </class> <!-- com.facebook.Testcase.LoginPageTest -->
    </test> <!-- Test -->
  </suite> <!-- Suite -->
</testng-results>
